<?xml version="1.0" encoding="UTF-8"?>
<coverage generated="1593324834">
  <project timestamp="1593324834">
    <file name="/var/www/packages/50bhan/laravel-exception-handler/src/Index.php">
      <metrics loc="0" ncloc="0" classes="0" methods="0" coveredmethods="0" conditionals="0" coveredconditionals="0" statements="0" coveredstatements="0" elements="0" coveredelements="0"/>
    </file>
    <metrics files="1" loc="0" ncloc="0" classes="0" methods="0" coveredmethods="0" conditionals="0" coveredconditionals="0" statements="0" coveredstatements="0" elements="0" coveredelements="0"/>
  </project>
</coverage>
